interaction_lab/Temp/gradleOut/unityLibrary/build/intermediates/manifest_merge_blame_file/release/manifest-merger-blame-release-report.txt
1<?xml version="1.0" encoding="utf-8"?>
2<!-- GENERATED BY UNITY. REMOVE THIS COMMENT TO PREVENT OVERWRITING WHEN EXPORTING AGAIN -->
3<manifest xmlns:android="http://schemas.android.com/apk/res/android"
4    xmlns:tools="http://schemas.android.com/tools"
5    package="com.unity3d.player"
6    android:installLocation="auto"
7    android:versionCode="1"
8    android:versionName="1.0" >
9
10    <uses-sdk
11        android:minSdkVersion="23"
11-->src/main/AndroidManifest.xml
12        android:targetSdkVersion="30" />
12-->src/main/AndroidManifest.xml
13
14    <uses-feature android:glEsVersion="0x00030000" />
14-->src/main/AndroidManifest.xml:24:3-52
14-->src/main/AndroidManifest.xml:24:17-49
15
16    <supports-gl-texture android:name="GL_KHR_texture_compression_astc_ldr" />
16-->src/main/AndroidManifest.xml:25:3-77
16-->src/main/AndroidManifest.xml:25:24-74
17
18    <uses-permission android:name="android.permission.INTERNET" />
18-->src/main/AndroidManifest.xml:26:3-65
18-->src/main/AndroidManifest.xml:26:20-62
19
20    <uses-feature
20-->src/main/AndroidManifest.xml:27:3-88
21        android:name="android.hardware.touchscreen"
21-->src/main/AndroidManifest.xml:27:17-60
22        android:required="false" />
22-->src/main/AndroidManifest.xml:27:61-85
23    <uses-feature
23-->src/main/AndroidManifest.xml:28:3-99
24        android:name="android.hardware.touchscreen.multitouch"
24-->src/main/AndroidManifest.xml:28:17-71
25        android:required="false" />
25-->src/main/AndroidManifest.xml:28:72-96
26    <uses-feature
26-->src/main/AndroidManifest.xml:29:3-108
27        android:name="android.hardware.touchscreen.multitouch.distinct"
27-->src/main/AndroidManifest.xml:29:17-80
28        android:required="false" />
28-->src/main/AndroidManifest.xml:29:81-105
29    <uses-feature
29-->src/main/AndroidManifest.xml:30:3-111
30        android:name="android.hardware.vr.headtracking"
30-->src/main/AndroidManifest.xml:30:17-64
31        android:required="true"
31-->src/main/AndroidManifest.xml:30:65-88
32        android:version="1" />
32-->src/main/AndroidManifest.xml:30:89-108
33
34    <application>
34-->src/main/AndroidManifest.xml:4:3-23:17
35        <activity
35-->src/main/AndroidManifest.xml:5:5-14:16
36            android:name="com.unity3d.player.UnityPlayerActivity"
36-->src/main/AndroidManifest.xml:5:15-68
37            android:configChanges="keyboard|keyboardHidden|navigation|orientation|screenLayout|screenSize|uiMode"
37-->src/main/AndroidManifest.xml:5:204-305
38            android:hardwareAccelerated="false"
38-->src/main/AndroidManifest.xml:5:341-376
39            android:launchMode="singleTask"
39-->src/main/AndroidManifest.xml:5:172-203
40            android:resizeableActivity="false"
40-->src/main/AndroidManifest.xml:5:306-340
41            android:screenOrientation="landscape"
41-->src/main/AndroidManifest.xml:5:134-171
42            android:theme="@android:style/Theme.Black.NoTitleBar.Fullscreen" >
42-->src/main/AndroidManifest.xml:5:69-133
43            <intent-filter>
43-->src/main/AndroidManifest.xml:6:7-10:23
44                <action android:name="android.intent.action.MAIN" />
44-->src/main/AndroidManifest.xml:7:9-61
44-->src/main/AndroidManifest.xml:7:17-58
45
46                <category android:name="android.intent.category.LAUNCHER" />
46-->src/main/AndroidManifest.xml:8:9-69
46-->src/main/AndroidManifest.xml:8:19-66
47                <category android:name="com.oculus.intent.category.VR" />
47-->src/main/AndroidManifest.xml:9:9-66
47-->src/main/AndroidManifest.xml:9:19-63
48            </intent-filter>
49
50            <meta-data
50-->src/main/AndroidManifest.xml:11:7-82
51                android:name="unityplayer.UnityActivity"
51-->src/main/AndroidManifest.xml:11:18-58
52                android:value="true" />
52-->src/main/AndroidManifest.xml:11:59-79
53            <meta-data
53-->src/main/AndroidManifest.xml:12:7-78
54                android:name="android.notch_support"
54-->src/main/AndroidManifest.xml:12:18-54
55                android:value="true" />
55-->src/main/AndroidManifest.xml:12:55-75
56            <meta-data
56-->src/main/AndroidManifest.xml:13:7-81
57                android:name="com.oculus.vr.focusaware"
57-->src/main/AndroidManifest.xml:13:18-57
58                android:value="true" />
58-->src/main/AndroidManifest.xml:13:58-78
59        </activity>
60
61        <meta-data
61-->src/main/AndroidManifest.xml:15:5-69
62            android:name="unity.splash-mode"
62-->src/main/AndroidManifest.xml:15:16-48
63            android:value="0" />
63-->src/main/AndroidManifest.xml:15:49-66
64        <meta-data
64-->src/main/AndroidManifest.xml:16:5-74
65            android:name="unity.splash-enable"
65-->src/main/AndroidManifest.xml:16:16-50
66            android:value="True" />
66-->src/main/AndroidManifest.xml:16:51-71
67        <meta-data
67-->src/main/AndroidManifest.xml:17:5-84
68            android:name="unity.allow-resizable-window"
68-->src/main/AndroidManifest.xml:17:16-59
69            android:value="False" />
69-->src/main/AndroidManifest.xml:17:60-81
70        <meta-data
70-->src/main/AndroidManifest.xml:18:5-81
71            android:name="notch.config"
71-->src/main/AndroidManifest.xml:18:16-43
72            android:value="portrait|landscape" />
72-->src/main/AndroidManifest.xml:18:44-78
73        <meta-data
73-->src/main/AndroidManifest.xml:19:5-101
74            android:name="unity.build-id"
74-->src/main/AndroidManifest.xml:19:16-45
75            android:value="7e2fb42f-4b2b-4f9a-afb7-6f9f791fd49b" />
75-->src/main/AndroidManifest.xml:19:46-98
76        <meta-data
76-->src/main/AndroidManifest.xml:20:5-97
77            android:name="com.samsung.android.vr.application.mode"
77-->src/main/AndroidManifest.xml:20:16-70
78            android:value="vr_only" />
78-->src/main/AndroidManifest.xml:20:71-94
79        <meta-data
79-->src/main/AndroidManifest.xml:21:5-90
80            android:name="com.unity.xr.oculus.LowOverheadMode"
80-->src/main/AndroidManifest.xml:21:16-66
81            android:value="true" />
81-->src/main/AndroidManifest.xml:21:67-87
82        <meta-data
82-->src/main/AndroidManifest.xml:22:5-90
83            android:name="com.oculus.supportedDevices"
83-->src/main/AndroidManifest.xml:22:16-58
84            android:value="quest|quest2" />
84-->src/main/AndroidManifest.xml:22:59-87
85    </application>
86
87</manifest>